<?xml version="1.0" encoding="UTF-8"?>
<testsuite name="br.com.dio.desafioreactor.Question2Test" tests="2" skipped="0" failures="0" errors="0" timestamp="2024-03-28T15:33:16" hostname="fedora" time="0.442">
  <properties/>
  <testcase name="hasXAdmins()" classname="br.com.dio.desafioreactor.Question2Test" time="0.32"/>
  <testcase name="hasNoAdmin()" classname="br.com.dio.desafioreactor.Question2Test" time="0.119"/>
  <system-out><![CDATA[]]></system-out>
  <system-err><![CDATA[]]></system-err>
</testsuite>
